<?xml version="1.0" encoding="UTF-8"?>
<!-- Generated by org.testng.reporters.JUnitXMLReporter -->
<testsuite hostname="MACPRO107" ignored="0" name="book-flight-2" tests="5" failures="0" timestamp="24 Jul 2019 14:51:24 GMT" time="32.155" errors="0">
  <testcase name="registrationPage" time="6.97" classname="com.newtours.tests.BookFlightTest"/>
  <testcase name="registrationConfirmationPage" time="1.287" classname="com.newtours.tests.BookFlightTest"/>
  <testcase name="flightDetailsPage" time="1.218" classname="com.newtours.tests.BookFlightTest"/>
  <testcase name="findFlightPage" time="3.111" classname="com.newtours.tests.BookFlightTest"/>
  <testcase name="flightConfirmationPage" time="1.71" classname="com.newtours.tests.BookFlightTest"/>
</testsuite> <!-- book-flight-2 -->
