<?xml version="1.0" encoding="UTF-8"?>
<!-- Generated by org.testng.reporters.JUnitXMLReporter -->
<testsuite hostname="MACPRO107" ignored="0" name="book-flight-3" tests="5" failures="0" timestamp="24 Jul 2019 14:51:18 GMT" time="26.107" errors="0">
  <testcase name="registrationPage" time="4.31" classname="com.newtours.tests.BookFlightTest"/>
  <testcase name="registrationConfirmationPage" time="1.425" classname="com.newtours.tests.BookFlightTest"/>
  <testcase name="flightDetailsPage" time="1.896" classname="com.newtours.tests.BookFlightTest"/>
  <testcase name="findFlightPage" time="12.064" classname="com.newtours.tests.BookFlightTest"/>
  <testcase name="flightConfirmationPage" time="1.557" classname="com.newtours.tests.BookFlightTest"/>
</testsuite> <!-- book-flight-3 -->
