<?xml version="1.0" encoding="UTF-8"?>
<!-- Generated by org.testng.reporters.JUnitXMLReporter -->
<testsuite hostname="MACPRO107" ignored="0" name="book-flight-4" tests="5" failures="0" timestamp="24 Jul 2019 14:51:09 GMT" time="17.01" errors="0">
  <testcase name="registrationPage" time="5.568" classname="com.newtours.tests.BookFlightTest"/>
  <testcase name="registrationConfirmationPage" time="1.456" classname="com.newtours.tests.BookFlightTest"/>
  <testcase name="flightDetailsPage" time="1.635" classname="com.newtours.tests.BookFlightTest"/>
  <testcase name="findFlightPage" time="3.103" classname="com.newtours.tests.BookFlightTest"/>
  <testcase name="flightConfirmationPage" time="1.597" classname="com.newtours.tests.BookFlightTest"/>
</testsuite> <!-- book-flight-4 -->
