<?xml version="1.0" encoding="UTF-8"?>
<testng-results skipped="0" failed="0" ignored="0" total="20" passed="20">
  <reporter-output>
  </reporter-output>
  <suite name="book-flight-module" duration-ms="19732" started-at="2019-05-12T16:19:35Z" finished-at="2019-05-12T16:19:55Z">
    <groups>
    </groups>
    <test name="book-flight-1" duration-ms="18705" started-at="2019-05-12T16:19:35Z" finished-at="2019-05-12T16:19:54Z">
      <class name="com.newtours.tests.BookFlightTest">
        <test-method status="PASS" signature="setupDriver(org.testng.ITestContext)[pri:0, instance:com.newtours.tests.BookFlightTest@91161c7]" name="setupDriver" is-config="true" duration-ms="4659" started-at="2019-05-12T16:19:35Z" finished-at="2019-05-12T16:19:40Z">
          <params>
            <param index="0">
              <value>
                <![CDATA[org.testng.TestRunner@551aa95a]]>
              </value>
            </param>
          </params>
          <reporter-output>
          </reporter-output>
        </test-method> <!-- setupDriver -->
        <test-method status="PASS" signature="setupParameters(java.lang.String, java.lang.String)[pri:0, instance:com.newtours.tests.BookFlightTest@91161c7]" name="setupParameters" is-config="true" duration-ms="1" started-at="2019-05-12T16:19:40Z" depends-on-methods="com.tests.BaseTest.setupDriver" finished-at="2019-05-12T16:19:40Z">
          <params>
            <param index="0">
              <value>
                <![CDATA[1]]>
              </value>
            </param>
            <param index="1">
              <value>
                <![CDATA[$584 USD]]>
              </value>
            </param>
          </params>
          <reporter-output>
          </reporter-output>
        </test-method> <!-- setupParameters -->
        <test-method status="PASS" signature="registrationPage()[pri:0, instance:com.newtours.tests.BookFlightTest@91161c7]" name="registrationPage" duration-ms="5748" started-at="2019-05-12T16:19:40Z" finished-at="2019-05-12T16:19:45Z">
          <reporter-output>
          </reporter-output>
        </test-method> <!-- registrationPage -->
        <test-method status="PASS" signature="registrationConfirmationPage()[pri:0, instance:com.newtours.tests.BookFlightTest@91161c7]" name="registrationConfirmationPage" duration-ms="1753" started-at="2019-05-12T16:19:45Z" depends-on-methods="com.newtours.tests.BookFlightTest.registrationPage" finished-at="2019-05-12T16:19:47Z">
          <reporter-output>
          </reporter-output>
        </test-method> <!-- registrationConfirmationPage -->
        <test-method status="PASS" signature="flightDetailsPage()[pri:0, instance:com.newtours.tests.BookFlightTest@91161c7]" name="flightDetailsPage" duration-ms="1377" started-at="2019-05-12T16:19:47Z" depends-on-methods="com.newtours.tests.BookFlightTest.registrationConfirmationPage" finished-at="2019-05-12T16:19:48Z">
          <reporter-output>
          </reporter-output>
        </test-method> <!-- flightDetailsPage -->
        <test-method status="PASS" signature="findFlightPage()[pri:0, instance:com.newtours.tests.BookFlightTest@91161c7]" name="findFlightPage" duration-ms="3359" started-at="2019-05-12T16:19:48Z" depends-on-methods="com.newtours.tests.BookFlightTest.flightDetailsPage" finished-at="2019-05-12T16:19:52Z">
          <reporter-output>
          </reporter-output>
        </test-method> <!-- findFlightPage -->
        <test-method status="PASS" signature="flightConfirmationPage()[pri:0, instance:com.newtours.tests.BookFlightTest@91161c7]" name="flightConfirmationPage" duration-ms="1717" started-at="2019-05-12T16:19:52Z" depends-on-methods="com.newtours.tests.BookFlightTest.findFlightPage" finished-at="2019-05-12T16:19:54Z">
          <reporter-output>
          </reporter-output>
        </test-method> <!-- flightConfirmationPage -->
        <test-method status="PASS" signature="quitDriver()[pri:0, instance:com.newtours.tests.BookFlightTest@91161c7]" name="quitDriver" is-config="true" duration-ms="69" started-at="2019-05-12T16:19:54Z" finished-at="2019-05-12T16:19:54Z">
          <reporter-output>
          </reporter-output>
        </test-method> <!-- quitDriver -->
      </class> <!-- com.newtours.tests.BookFlightTest -->
    </test> <!-- book-flight-1 -->
    <test name="book-flight-2" duration-ms="19016" started-at="2019-05-12T16:19:35Z" finished-at="2019-05-12T16:19:54Z">
      <class name="com.newtours.tests.BookFlightTest">
        <test-method status="PASS" signature="setupDriver(org.testng.ITestContext)[pri:0, instance:com.newtours.tests.BookFlightTest@402a079c]" name="setupDriver" is-config="true" duration-ms="5072" started-at="2019-05-12T16:19:35Z" finished-at="2019-05-12T16:19:40Z">
          <params>
            <param index="0">
              <value>
                <![CDATA[org.testng.TestRunner@578486a3]]>
              </value>
            </param>
          </params>
          <reporter-output>
          </reporter-output>
        </test-method> <!-- setupDriver -->
        <test-method status="PASS" signature="registrationPage()[pri:0, instance:com.newtours.tests.BookFlightTest@402a079c]" name="registrationPage" duration-ms="6192" started-at="2019-05-12T16:19:40Z" finished-at="2019-05-12T16:19:46Z">
          <reporter-output>
          </reporter-output>
        </test-method> <!-- registrationPage -->
        <test-method status="PASS" signature="setupParameters(java.lang.String, java.lang.String)[pri:0, instance:com.newtours.tests.BookFlightTest@402a079c]" name="setupParameters" is-config="true" duration-ms="0" started-at="2019-05-12T16:19:40Z" depends-on-methods="com.tests.BaseTest.setupDriver" finished-at="2019-05-12T16:19:40Z">
          <params>
            <param index="0">
              <value>
                <![CDATA[2]]>
              </value>
            </param>
            <param index="1">
              <value>
                <![CDATA[$1169 USD]]>
              </value>
            </param>
          </params>
          <reporter-output>
          </reporter-output>
        </test-method> <!-- setupParameters -->
        <test-method status="PASS" signature="registrationConfirmationPage()[pri:0, instance:com.newtours.tests.BookFlightTest@402a079c]" name="registrationConfirmationPage" duration-ms="1600" started-at="2019-05-12T16:19:46Z" depends-on-methods="com.newtours.tests.BookFlightTest.registrationPage" finished-at="2019-05-12T16:19:48Z">
          <reporter-output>
          </reporter-output>
        </test-method> <!-- registrationConfirmationPage -->
        <test-method status="PASS" signature="flightDetailsPage()[pri:0, instance:com.newtours.tests.BookFlightTest@402a079c]" name="flightDetailsPage" duration-ms="1450" started-at="2019-05-12T16:19:48Z" depends-on-methods="com.newtours.tests.BookFlightTest.registrationConfirmationPage" finished-at="2019-05-12T16:19:49Z">
          <reporter-output>
          </reporter-output>
        </test-method> <!-- flightDetailsPage -->
        <test-method status="PASS" signature="findFlightPage()[pri:0, instance:com.newtours.tests.BookFlightTest@402a079c]" name="findFlightPage" duration-ms="3054" started-at="2019-05-12T16:19:49Z" depends-on-methods="com.newtours.tests.BookFlightTest.flightDetailsPage" finished-at="2019-05-12T16:19:52Z">
          <reporter-output>
          </reporter-output>
        </test-method> <!-- findFlightPage -->
        <test-method status="PASS" signature="flightConfirmationPage()[pri:0, instance:com.newtours.tests.BookFlightTest@402a079c]" name="flightConfirmationPage" duration-ms="1573" started-at="2019-05-12T16:19:52Z" depends-on-methods="com.newtours.tests.BookFlightTest.findFlightPage" finished-at="2019-05-12T16:19:54Z">
          <reporter-output>
          </reporter-output>
        </test-method> <!-- flightConfirmationPage -->
        <test-method status="PASS" signature="quitDriver()[pri:0, instance:com.newtours.tests.BookFlightTest@402a079c]" name="quitDriver" is-config="true" duration-ms="67" started-at="2019-05-12T16:19:54Z" finished-at="2019-05-12T16:19:54Z">
          <reporter-output>
          </reporter-output>
        </test-method> <!-- quitDriver -->
      </class> <!-- com.newtours.tests.BookFlightTest -->
    </test> <!-- book-flight-2 -->
    <test name="book-flight-3" duration-ms="19722" started-at="2019-05-12T16:19:35Z" finished-at="2019-05-12T16:19:55Z">
      <class name="com.newtours.tests.BookFlightTest">
        <test-method status="PASS" signature="setupDriver(org.testng.ITestContext)[pri:0, instance:com.newtours.tests.BookFlightTest@5bcab519]" name="setupDriver" is-config="true" duration-ms="4782" started-at="2019-05-12T16:19:35Z" finished-at="2019-05-12T16:19:40Z">
          <params>
            <param index="0">
              <value>
                <![CDATA[org.testng.TestRunner@35d176f7]]>
              </value>
            </param>
          </params>
          <reporter-output>
          </reporter-output>
        </test-method> <!-- setupDriver -->
        <test-method status="PASS" signature="setupParameters(java.lang.String, java.lang.String)[pri:0, instance:com.newtours.tests.BookFlightTest@5bcab519]" name="setupParameters" is-config="true" duration-ms="0" started-at="2019-05-12T16:19:40Z" depends-on-methods="com.tests.BaseTest.setupDriver" finished-at="2019-05-12T16:19:40Z">
          <params>
            <param index="0">
              <value>
                <![CDATA[3]]>
              </value>
            </param>
            <param index="1">
              <value>
                <![CDATA[$1753 USD]]>
              </value>
            </param>
          </params>
          <reporter-output>
          </reporter-output>
        </test-method> <!-- setupParameters -->
        <test-method status="PASS" signature="registrationPage()[pri:0, instance:com.newtours.tests.BookFlightTest@5bcab519]" name="registrationPage" duration-ms="6719" started-at="2019-05-12T16:19:40Z" finished-at="2019-05-12T16:19:46Z">
          <reporter-output>
          </reporter-output>
        </test-method> <!-- registrationPage -->
        <test-method status="PASS" signature="registrationConfirmationPage()[pri:0, instance:com.newtours.tests.BookFlightTest@5bcab519]" name="registrationConfirmationPage" duration-ms="1566" started-at="2019-05-12T16:19:46Z" depends-on-methods="com.newtours.tests.BookFlightTest.registrationPage" finished-at="2019-05-12T16:19:48Z">
          <reporter-output>
          </reporter-output>
        </test-method> <!-- registrationConfirmationPage -->
        <test-method status="PASS" signature="flightDetailsPage()[pri:0, instance:com.newtours.tests.BookFlightTest@5bcab519]" name="flightDetailsPage" duration-ms="1626" started-at="2019-05-12T16:19:48Z" depends-on-methods="com.newtours.tests.BookFlightTest.registrationConfirmationPage" finished-at="2019-05-12T16:19:50Z">
          <reporter-output>
          </reporter-output>
        </test-method> <!-- flightDetailsPage -->
        <test-method status="PASS" signature="findFlightPage()[pri:0, instance:com.newtours.tests.BookFlightTest@5bcab519]" name="findFlightPage" duration-ms="3208" started-at="2019-05-12T16:19:50Z" depends-on-methods="com.newtours.tests.BookFlightTest.flightDetailsPage" finished-at="2019-05-12T16:19:53Z">
          <reporter-output>
          </reporter-output>
        </test-method> <!-- findFlightPage -->
        <test-method status="PASS" signature="flightConfirmationPage()[pri:0, instance:com.newtours.tests.BookFlightTest@5bcab519]" name="flightConfirmationPage" duration-ms="1736" started-at="2019-05-12T16:19:53Z" depends-on-methods="com.newtours.tests.BookFlightTest.findFlightPage" finished-at="2019-05-12T16:19:55Z">
          <reporter-output>
          </reporter-output>
        </test-method> <!-- flightConfirmationPage -->
        <test-method status="PASS" signature="quitDriver()[pri:0, instance:com.newtours.tests.BookFlightTest@5bcab519]" name="quitDriver" is-config="true" duration-ms="72" started-at="2019-05-12T16:19:55Z" finished-at="2019-05-12T16:19:55Z">
          <reporter-output>
          </reporter-output>
        </test-method> <!-- quitDriver -->
      </class> <!-- com.newtours.tests.BookFlightTest -->
    </test> <!-- book-flight-3 -->
    <test name="book-flight-4" duration-ms="19732" started-at="2019-05-12T16:19:35Z" finished-at="2019-05-12T16:19:55Z">
      <class name="com.newtours.tests.BookFlightTest">
        <test-method status="PASS" signature="setupDriver(org.testng.ITestContext)[pri:0, instance:com.newtours.tests.BookFlightTest@6e06451e]" name="setupDriver" is-config="true" duration-ms="5186" started-at="2019-05-12T16:19:35Z" finished-at="2019-05-12T16:19:40Z">
          <params>
            <param index="0">
              <value>
                <![CDATA[org.testng.TestRunner@1dfe2924]]>
              </value>
            </param>
          </params>
          <reporter-output>
          </reporter-output>
        </test-method> <!-- setupDriver -->
        <test-method status="PASS" signature="setupParameters(java.lang.String, java.lang.String)[pri:0, instance:com.newtours.tests.BookFlightTest@6e06451e]" name="setupParameters" is-config="true" duration-ms="0" started-at="2019-05-12T16:19:40Z" depends-on-methods="com.tests.BaseTest.setupDriver" finished-at="2019-05-12T16:19:40Z">
          <params>
            <param index="0">
              <value>
                <![CDATA[4]]>
              </value>
            </param>
            <param index="1">
              <value>
                <![CDATA[$2338 USD]]>
              </value>
            </param>
          </params>
          <reporter-output>
          </reporter-output>
        </test-method> <!-- setupParameters -->
        <test-method status="PASS" signature="registrationPage()[pri:0, instance:com.newtours.tests.BookFlightTest@6e06451e]" name="registrationPage" duration-ms="6296" started-at="2019-05-12T16:19:40Z" finished-at="2019-05-12T16:19:46Z">
          <reporter-output>
          </reporter-output>
        </test-method> <!-- registrationPage -->
        <test-method status="PASS" signature="registrationConfirmationPage()[pri:0, instance:com.newtours.tests.BookFlightTest@6e06451e]" name="registrationConfirmationPage" duration-ms="1598" started-at="2019-05-12T16:19:46Z" depends-on-methods="com.newtours.tests.BookFlightTest.registrationPage" finished-at="2019-05-12T16:19:48Z">
          <reporter-output>
          </reporter-output>
        </test-method> <!-- registrationConfirmationPage -->
        <test-method status="PASS" signature="flightDetailsPage()[pri:0, instance:com.newtours.tests.BookFlightTest@6e06451e]" name="flightDetailsPage" duration-ms="1672" started-at="2019-05-12T16:19:48Z" depends-on-methods="com.newtours.tests.BookFlightTest.registrationConfirmationPage" finished-at="2019-05-12T16:19:50Z">
          <reporter-output>
          </reporter-output>
        </test-method> <!-- flightDetailsPage -->
        <test-method status="PASS" signature="findFlightPage()[pri:0, instance:com.newtours.tests.BookFlightTest@6e06451e]" name="findFlightPage" duration-ms="3183" started-at="2019-05-12T16:19:50Z" depends-on-methods="com.newtours.tests.BookFlightTest.flightDetailsPage" finished-at="2019-05-12T16:19:53Z">
          <reporter-output>
          </reporter-output>
        </test-method> <!-- findFlightPage -->
        <test-method status="PASS" signature="flightConfirmationPage()[pri:0, instance:com.newtours.tests.BookFlightTest@6e06451e]" name="flightConfirmationPage" duration-ms="1714" started-at="2019-05-12T16:19:53Z" depends-on-methods="com.newtours.tests.BookFlightTest.findFlightPage" finished-at="2019-05-12T16:19:55Z">
          <reporter-output>
          </reporter-output>
        </test-method> <!-- flightConfirmationPage -->
        <test-method status="PASS" signature="quitDriver()[pri:0, instance:com.newtours.tests.BookFlightTest@6e06451e]" name="quitDriver" is-config="true" duration-ms="72" started-at="2019-05-12T16:19:55Z" finished-at="2019-05-12T16:19:55Z">
          <reporter-output>
          </reporter-output>
        </test-method> <!-- quitDriver -->
      </class> <!-- com.newtours.tests.BookFlightTest -->
    </test> <!-- book-flight-4 -->
  </suite> <!-- book-flight-module -->
</testng-results>
