<?xml version="1.0" encoding="UTF-8"?>
<!-- Generated by org.testng.reporters.JUnitXMLReporter -->
<testsuite hostname="MACPRO107" ignored="0" name="book-flight-3" tests="5" failures="0" timestamp="12 May 2019 16:19:55 GMT" time="19.722" errors="0">
  <testcase name="registrationPage" time="6.719" classname="com.newtours.tests.BookFlightTest"/>
  <testcase name="registrationConfirmationPage" time="1.566" classname="com.newtours.tests.BookFlightTest"/>
  <testcase name="flightDetailsPage" time="1.626" classname="com.newtours.tests.BookFlightTest"/>
  <testcase name="findFlightPage" time="3.208" classname="com.newtours.tests.BookFlightTest"/>
  <testcase name="flightConfirmationPage" time="1.736" classname="com.newtours.tests.BookFlightTest"/>
</testsuite> <!-- book-flight-3 -->
