<?xml version="1.0" encoding="UTF-8"?>
<!-- Generated by org.testng.reporters.JUnitXMLReporter -->
<testsuite hostname="MACPRO107" ignored="0" name="book-flight-1" tests="5" failures="0" timestamp="12 May 2019 16:19:54 GMT" time="18.705" errors="0">
  <testcase name="registrationPage" time="5.748" classname="com.newtours.tests.BookFlightTest"/>
  <testcase name="registrationConfirmationPage" time="1.753" classname="com.newtours.tests.BookFlightTest"/>
  <testcase name="flightDetailsPage" time="1.377" classname="com.newtours.tests.BookFlightTest"/>
  <testcase name="findFlightPage" time="3.359" classname="com.newtours.tests.BookFlightTest"/>
  <testcase name="flightConfirmationPage" time="1.717" classname="com.newtours.tests.BookFlightTest"/>
</testsuite> <!-- book-flight-1 -->
