<?xml version="1.0" encoding="UTF-8"?>
<!-- Generated by org.testng.reporters.JUnitXMLReporter -->
<testsuite hostname="MACPRO107" ignored="0" name="book-flight-2" tests="5" failures="0" timestamp="12 May 2019 16:19:54 GMT" time="19.016" errors="0">
  <testcase name="registrationPage" time="6.192" classname="com.newtours.tests.BookFlightTest"/>
  <testcase name="registrationConfirmationPage" time="1.6" classname="com.newtours.tests.BookFlightTest"/>
  <testcase name="flightDetailsPage" time="1.45" classname="com.newtours.tests.BookFlightTest"/>
  <testcase name="findFlightPage" time="3.054" classname="com.newtours.tests.BookFlightTest"/>
  <testcase name="flightConfirmationPage" time="1.573" classname="com.newtours.tests.BookFlightTest"/>
</testsuite> <!-- book-flight-2 -->
